{"message":"Ready","level":"info","service":"user-service"}
{"message":"Ready","level":"info","service":"user-service"}
{"message":"Ready","level":"info","service":"user-service"}
{"message":"args !prefixtest","level":"info","service":"user-service"}
{"message":" else test","level":"info","service":"user-service"}
{"message":"Error: Missing argument \"notation\" error test","level":"info","service":"user-service"}
{"message":"args !prefix1+2+3+4","level":"info","service":"user-service"}
{"message":" else 1+2+3+4","level":"info","service":"user-service"}
{"message":"args !prefixtest","level":"info","service":"user-service"}
{"message":" else test","level":"info","service":"user-service"}
{"message":"Error: Missing argument \"notation\" error test","level":"info","service":"user-service"}
{"message":"args !prefixone,two,three,four","level":"info","service":"user-service"}
{"message":"two,three,four else one two three four","level":"info","service":"user-service"}
{"message":"Error: Missing argument \"notation\" error one two three four","level":"info","service":"user-service"}
{"message":"args !prefixhttps://tenor.com/view/cute-baby-laughing-happy-big-smile-gif-14438797","level":"info","service":"user-service"}
{"message":" else https://tenor.com/view/cute-baby-laughing-happy-big-smile-gif-14438797","level":"info","service":"user-service"}
{"message":"Error: Missing argument \"notation\" error https://tenor.com/view/cute-baby-laughing-happy-big-smile-gif-14438797","level":"info","service":"user-service"}
{"message":"args !prefixd20","level":"info","service":"user-service"}
{"message":"d20 if commandname  command undefined","level":"info","service":"user-service"}
{"message":" else d20","level":"info","service":"user-service"}
{"message":"Error: Missing argument \"notation\" error d20","level":"info","service":"user-service"}
{"message":"args !prefixd20+5,test","level":"info","service":"user-service"}
{"message":"d20+5,test if commandname  command undefined","level":"info","service":"user-service"}
{"message":"test else d20+5 test","level":"info","service":"user-service"}
{"message":"Error: Missing argument \"notation\" error d20+5 test","level":"info","service":"user-service"}
{"message":"args !prefixnothing,going,on,here","level":"info","service":"user-service"}
{"message":"going,on,here else nothing going on here","level":"info","service":"user-service"}
{"message":"Error: Missing argument \"notation\" error nothing going on here","level":"info","service":"user-service"}
{"message":"args !prefixr/,d20","level":"info","service":"user-service"}
{"message":"d20 else r/ d20","level":"info","service":"user-service"}
{"message":"Error: Missing argument \"notation\" error r/ d20","level":"info","service":"user-service"}
{"message":"Ready","level":"info","service":"user-service"}
{"message":"Ready","level":"info","service":"user-service"}
{"message":"args !prefixr/,d20","level":"info","service":"user-service"}
{"message":"[object Object] if command","level":"info","service":"user-service"}
{"message":"Ready","level":"info","service":"user-service"}
undefined info: Ready
undefined info: args !prefixadd_pc,Meridia,20,3
undefined info: [object Object] if command
undefined info: args !prefixadd_pc,John,15,5
undefined info: [object Object] if command
undefined info: args !prefixroundstart
undefined info: [object Object] if command
undefined info: args !prefixroundstart
undefined info: [object Object] if command
undefined info: Ready
undefined info: args !prefixroundstart
undefined info: [object Object] if command
undefined info: Ready
undefined info: args !prefixroundstart
undefined info: [object Object] if command
undefined info: Ready
undefined info: args !prefixroundstart
undefined info: [object Object] if command
undefined info: Ready
undefined info: args !prefixroundstart
undefined info: [object Object] if command
undefined info: Ready
undefined info: args !prefixroundstart
undefined info: [object Object] if command
undefined info: Ready
undefined info: args !prefixroundstart
undefined info: [object Object] if command
undefined info: Ready
undefined info: args !prefixroundstart
undefined info: [object Object] if command
undefined info: Ready
undefined info: args !prefixroundstart
undefined info: [object Object] if command
undefined info: Ready
undefined info: args !prefixroundstart
undefined info: [object Object] if command
undefined info: args !prefixnext
undefined info: [object Object] if command
undefined info: args !prefixroundstart
undefined info: [object Object] if command
undefined info: Ready
undefined info: args !prefixroundstart
undefined info: [object Object] if command
undefined info: Ready
undefined info: args !prefixroundstart
undefined info: [object Object] if command
undefined info: Ready
undefined info: args !prefixroundstart
undefined info: [object Object] if command
undefined info: Ready
undefined info: args !prefixroundstart
undefined info: [object Object] if command
undefined info: Ready
undefined info: args !prefixroundstart
undefined info: [object Object] if command
undefined info: Ready
undefined info: args !prefixroundstart
undefined info: [object Object] if command
undefined info: args !prefixnext
undefined info: [object Object] if command
undefined info: Ready
undefined info: args !prefixnext
undefined info: [object Object] if command
undefined info: args !prefixnext
undefined info: [object Object] if command
undefined info: Ready
undefined info: Ready
undefined info: Ready
undefined info: Ready
undefined info: Ready
undefined info: Ready
undefined info: Ready
undefined info: Ready
undefined info: Ready
undefined info: Ready
undefined info: Ready
undefined info: Ready
undefined info: Ready
undefined info: Ready
undefined info: Ready
undefined info: Ready
undefined info: Ready
undefined info: Ready
undefined info: Ready
undefined info: Ready
undefined info: Ready
undefined info: Ready
undefined info: Ready
undefined info: Ready
undefined info: Ready
undefined info: Ready
undefined info: Ready
undefined info: Ready
undefined info: Ready
undefined info: Ready
undefined info: Ready
undefined info: Ready
undefined info: Ready
undefined info: Ready
undefined info: Ready
undefined info: Ready
undefined info: Ready
undefined info: Ready
undefined info: Ready
undefined info: Ready
undefined info: Ready
undefined info: Ready
undefined info: Ready
undefined info: Ready
undefined info: Ready
undefined info: Ready
undefined info: Ready
undefined info: Ready
undefined info: Ready
undefined info: Ready
undefined info: Ready
undefined info: Ready
undefined info: Ready
undefined info: Ready
undefined info: Ready
undefined info: Ready
undefined info: Ready
undefined info: Ready
undefined info: Ready
undefined info: Ready
undefined info: Ready
undefined info: Ready
undefined info: Ready
undefined info: Ready
undefined info: Ready
undefined info: Ready
undefined info: Ready
undefined info: Ready
undefined info: Ready
undefined info: Ready
undefined info: Ready
undefined info: Ready
undefined info: Ready
undefined info: Ready
undefined info: Ready
undefined info: Ready
undefined info: Ready
undefined info: Ready
undefined info: Ready
undefined info: Ready
undefined info: Ready
undefined info: Ready
undefined info: Ready
undefined info: Ready
undefined info: Ready
undefined info: Ready
undefined info: Ready
undefined info: Ready
undefined info: Ready
undefined info: Ready
undefined info: Ready
undefined info: Ready
undefined info: Ready
undefined info: Ready
undefined info: Ready
undefined info: Ready
undefined info: Ready
undefined info: Ready
undefined info: Ready
undefined info: Ready
undefined info: Ready
undefined info: Ready
undefined info: Ready
undefined info: Ready
undefined info: Ready
undefined info: Ready
undefined info: Ready
undefined info: Ready
undefined info: Ready
undefined info: Ready
undefined info: Ready
undefined info: Ready
undefined info: Ready
undefined info: Ready
undefined info: Ready
undefined info: Ready
undefined info: Ready
undefined info: Ready
undefined info: Ready
undefined info: Ready
undefined info: Ready
undefined info: Ready
undefined info: Ready
undefined info: Ready
undefined info: Ready
undefined info: Ready
undefined info: Ready
undefined info: Ready
undefined info: Ready
undefined info: Ready
undefined info: Ready
undefined info: Ready
undefined info: Ready
undefined info: Ready
undefined info: Ready
undefined info: Ready
undefined info: Ready
undefined info: Ready
undefined info: Ready
undefined info: Ready
undefined info: Ready
undefined info: Ready
undefined info: Ready
undefined info: Ready
undefined info: Ready
undefined info: Ready
undefined info: Ready
undefined info: Ready
undefined info: Ready
undefined info: Ready
undefined info: Ready
undefined info: Ready
undefined info: Ready
undefined info: Ready
undefined info: Ready
undefined info: Ready
undefined info: Ready
undefined info: Ready
undefined info: Ready
undefined info: Ready
undefined info: Ready
undefined info: Ready
undefined info: Ready
undefined info: Ready
undefined info: Ready
undefined info: Ready
undefined info: Ready
undefined info: Ready
undefined info: Ready
undefined info: Ready
undefined info: Ready
undefined info: Ready
undefined info: Ready
undefined info: Ready
undefined info: Ready
undefined info: args !prefixgetlink
undefined info: [object Object] if command
undefined info: Ready
undefined info: Ready
undefined info: Ready
undefined info: 12345678
undefined info: args !prefixadd,Meridia,22,3
undefined info: Meridia,22,3 else add Meridia,22,3
undefined info: Error: Missing argument "notation" error add Meridia,22,3
undefined info: args !prefixgetlink
undefined info: [object Object] if command
undefined info: 723744588346556419
undefined info: args !prefixadd_pc,Meridia,22,3
undefined info: Ready
undefined info: args !prefixadd_pc,Meridia,22,3
undefined info: Ready
undefined info: args !prefixadd_pc,Meridia,22,3
undefined info: Ready
undefined info: args !prefixadd_pc,Meridia,22,3
undefined info: [object Object] if command
undefined info: 723744588346556419
undefined info: 723744588346556419
undefined info: Ready
undefined info: args !prefixadd_pc,Hamish,22,3
undefined info: [object Object] if command
undefined info: 723744588346556419
undefined info: Ready
undefined info: args !prefixadd_pc,Orc,22,3
undefined info: Ready
undefined info: args !prefixadd_pc,Orc,22,3
undefined info: [object Object] if command
undefined info: Ready
undefined info: args !prefixadd_pc,Tammy,22,3
undefined info: [object Object] if command
undefined info: 723744588346556419
undefined info: Ready
undefined info: args !prefixadd_pc,Tommy,22,3
undefined info: [object Object] if command
undefined info: Ready
undefined info: 723744588346556419
undefined info: args !prefixadd_pc,Tommy,22,3
undefined info: [object Object] if command
undefined info: Ready
undefined info: args !prefixadd_pc,To,22,3
undefined info: Ready
undefined info: args !prefixadd_pc,To,22,3
undefined info: [object Object] if command
undefined info: Ready
undefined info: args !prefixadd_pc,To,22,3
undefined info: [object Object] if command
undefined info: Ready
undefined info: args !prefixadd_pc,To,22,3
undefined info: [object Object] if command
undefined info: Ready
undefined info: args !prefixadd_pc,To,22,3
undefined info: [object Object] if command
undefined info: Ready
undefined info: args !prefixadd_pc,To,22,3
undefined info: [object Object] if command
undefined info: Ready
undefined info: Ready
undefined info: args !prefixadd_pc,To,22,3
undefined info: [object Object] if command
undefined info: 723744588346556419
undefined info: args !prefixadd_pc,Tommy,22,3
undefined info: [object Object] if command
undefined info: 723744588346556419
undefined info: 723744588346556419
undefined info: 723744588346556419
undefined info: 723744588346556419
undefined info: 723744588346556419
undefined info: 723744588346556419
undefined info: 723744588346556419
undefined info: [object Object]
undefined info: 723744588346556419
undefined info: 723744588346556419
undefined info: 723744588346556419
undefined info: [object Object]
undefined info: 723744588346556419
undefined info: 723744588346556419
undefined info: [object Object]
undefined info: 723744588346556419
undefined info: 723744588346556419
undefined info: 723744588346556419
undefined info: 723744588346556419
undefined info: [object Object]
undefined info: 723744588346556419
undefined info: 723744588346556419
undefined info: [object Object]
undefined info: 723744588346556419
undefined info: 723744588346556419
undefined info: 723744588346556419
undefined info: 723744588346556419
undefined info: 723744588346556419
undefined info: [object Object]
undefined info: 723744588346556419
undefined info: 723744588346556419
undefined info: [object Object]
undefined info: 723744588346556419
undefined info: 723744588346556419
undefined info: 723744588346556419
undefined info: [object Object]
undefined info: 723744588346556419
undefined info: 723744588346556419
undefined info: 723744588346556419
undefined info: 723744588346556419
undefined info: [object Object]
undefined info: 723744588346556419
undefined info: 723744588346556419
undefined info: [object Object]
undefined info: Ready
undefined info: 723744588346556419
undefined info: 723744588346556419
undefined info: Ready
undefined info: 723744588346556419
undefined info: Ready
undefined info: 723744588346556419
undefined info: [object Object]
undefined warn: TypeError Cannot read property 'indexOf' of undefined
undefined info: Ready
undefined info: 723744588346556419
undefined info: [object Object]
undefined warn: TypeError Cannot read property 'indexOf' of undefined
undefined info: 723744588346556419
undefined info: [object Object]
undefined warn: TypeError Cannot read property 'indexOf' of undefined
undefined info: 723744588346556419
undefined info: 723744588346556419
undefined info: 723744588346556419
undefined info: [object Object]
undefined warn: TypeError Cannot read property 'indexOf' of undefined
undefined info: Ready
undefined info: 723744588346556419
undefined info: 723744588346556419
undefined info: [object Object]
undefined warn: TypeError Cannot read property 'indexOf' of undefined
undefined info: 723744588346556419
undefined info: 723744588346556419
undefined info: [object Object]
undefined info: 723744588346556419
undefined info: [object Object]
undefined warn: TypeError Cannot read property 'indexOf' of undefined
undefined info: 723744588346556419
undefined info: 723744588346556419
undefined info: 723744588346556419
undefined info: [object Object]
undefined warn: TypeError Cannot read property 'indexOf' of undefined
undefined info: 723744588346556419
undefined info: 723744588346556419
undefined info: 723744588346556419
undefined info: [object Object]
undefined warn: TypeError Cannot read property 'indexOf' of undefined
undefined info: 723744588346556419
undefined info: 723744588346556419
undefined info: 723744588346556419
undefined info: [object Object]
undefined info: 723744588346556419
undefined info: [object Object]
undefined warn: TypeError Cannot read property 'indexOf' of undefined
undefined info: 723744588346556419
undefined info: 723744588346556419
undefined info: 723744588346556419
undefined info: 723744588346556419
undefined info: 723744588346556419
undefined info: [object Object]
undefined info: 723744588346556419
undefined info: 723744588346556419
undefined info: [object Object]
undefined info: 723744588346556419
undefined info: 723744588346556419
undefined info: 723744588346556419
undefined info: 723744588346556419
undefined info: [object Object]
undefined info: 723744588346556419
undefined info: 723744588346556419
undefined info: 723744588346556419
undefined info: [object Object]
undefined info: Ready
undefined info: Ready
undefined info: 723744588346556419
undefined info: 723744588346556419
undefined info: 723744588346556419
undefined info: 723744588346556419
undefined info: [object Object]
undefined info: Ready
undefined info: 723744588346556419
undefined info: 723744588346556419
undefined info: [object Object]
undefined info: Ready
undefined info: 723744588346556419
undefined info: 723744588346556419
undefined info: [object Object]
undefined info: 723744588346556419
undefined info: 723744588346556419
undefined info: [object Object]
undefined info: 723744588346556419
undefined info: 723744588346556419
undefined info: 723744588346556419
undefined info: 723744588346556419
undefined info: [object Object]
undefined info: 723744588346556419
undefined info: 723744588346556419
undefined info: 723744588346556419
undefined info: [object Object]
undefined info: 723744588346556419
undefined info: 723744588346556419
undefined info: 723744588346556419
undefined info: 723744588346556419
undefined info: 723744588346556419
undefined info: [object Object]
undefined info: 723744588346556419
undefined info: 723744588346556419
undefined info: [object Object]
undefined info: 723744588346556419
undefined info: 723744588346556419
undefined info: 723744588346556419
undefined info: [object Object]
undefined info: 723744588346556419
undefined info: 723744588346556419
undefined info: 723744588346556419
undefined info: [object Object]
undefined info: 723744588346556419
undefined info: 723744588346556419
undefined info: [object Object]
undefined info: 723744588346556419
undefined info: 723744588346556419
undefined info: [object Object]
undefined warn: TypeError Cannot read property 'indexOf' of undefined
undefined info: 723744588346556419
undefined info: [object Object]
undefined warn: TypeError Cannot read property 'indexOf' of undefined
undefined info: 723744588346556419
undefined info: 723744588346556419
undefined info: 723744588346556419
undefined info: 723744588346556419
undefined info: 723744588346556419
undefined info: [object Object]
undefined info: 723744588346556419
undefined info: 723744588346556419
undefined info: [object Object]
undefined info: 723744588346556419
undefined info: [object Object]
undefined warn: TypeError Cannot read property 'indexOf' of undefined
undefined info: Ready
undefined info: 723744588346556419
undefined info: 723744588346556419
undefined info: 723744588346556419
undefined info: Ready
undefined info: 723744588346556419
undefined info: 723744588346556419
undefined info: 723744588346556419
undefined info: 723744588346556419
undefined info: Ready
undefined info: 723744588346556419
undefined info: 723744588346556419
undefined info: 723744588346556419
undefined info: Ready
undefined info: 723744588346556419
undefined info: Ready
undefined info: 723744588346556419
undefined info: 723744588346556419
undefined info: 723744588346556419
undefined info: Ready
undefined info: Ready
undefined info: 723744588346556419
undefined info: 723744588346556419
undefined info: 723744588346556419
undefined info: Ready
undefined info: Ready
undefined info: 723744588346556419
undefined info: 723744588346556419
undefined info: 723744588346556419
undefined info: [object Object]
undefined warn: TypeError Cannot read property 'indexOf' of undefined
undefined info: 723744588346556419
undefined info: [object Object]
undefined warn: TypeError Cannot read property 'indexOf' of undefined
undefined info: 723744588346556419
undefined info: [object Object]
undefined warn: TypeError Cannot read property 'indexOf' of undefined
undefined info: 723744588346556419
undefined info: [object Object]
undefined warn: TypeError Cannot read property 'indexOf' of undefined
undefined info: 723744588346556419
undefined info: 723744588346556419
undefined info: 723744588346556419
undefined info: 723744588346556419
undefined info: [object Object]
undefined warn: TypeError Cannot read property 'indexOf' of undefined
undefined info: 723744588346556419
undefined info: 723744588346556419
undefined info: [object Object]
undefined info: 723744588346556419
undefined info: 723744588346556419
undefined info: [object Object]
undefined info: 723744588346556419
undefined info: [object Object]
undefined warn: TypeError Cannot read property 'indexOf' of undefined
undefined info: 723744588346556419
undefined info: 723744588346556419
undefined info: [object Object]
undefined warn: TypeError Cannot read property 'indexOf' of undefined
undefined info: 723744588346556419
undefined info: 723744588346556419
undefined info: 723744588346556419
undefined info: 723744588346556419
undefined info: [object Object]
undefined info: 723744588346556419
undefined info: 723744588346556419
undefined info: [object Object]
undefined info: 723744588346556419
undefined info: [object Object]
undefined warn: TypeError Cannot read property 'indexOf' of undefined
undefined info: 723744588346556419
undefined info: [object Object]
undefined warn: TypeError Cannot read property 'indexOf' of undefined
undefined info: 723744588346556419
undefined info: 723744588346556419
undefined info: [object Object]
undefined info: 12345678
undefined info: [object Object]
undefined info: 723744588346556419
undefined info: Ready
undefined info: 723744588346556419
undefined info: 12345678
undefined info: [object Object]
undefined info: 723744588346556419
undefined info: 723744588346556419
undefined info: [object Object]
undefined info: 723744588346556419
undefined info: Ready
undefined info: 723744588346556419
undefined info: 723744588346556419
undefined info: 12345678
undefined info: [object Object]
undefined info: 723744588346556419
undefined info: Ready
undefined info: 723744588346556419
undefined info: 723744588346556419
undefined info: 12345678
undefined info: [object Object]
undefined info: Ready
undefined info: 723744588346556419
undefined info: 723744588346556419
undefined info: 12345678
undefined info: [object Object]
undefined info: 723744588346556419
undefined info: 12345678
undefined info: [object Object]
undefined info: 723744588346556419
undefined info: 723744588346556419
undefined info: 723744588346556419
undefined info: 723744588346556419
undefined info: 723744588346556419
undefined info: 723744588346556419
undefined info: 12345678
undefined info: [object Object]
undefined info: 12345678
undefined info: [object Object]
undefined info: 12345678
undefined info: [object Object]
undefined info: Ready
undefined info: 723744588346556419
undefined info: 723744588346556419
undefined info: 12345678
undefined info: [object Object]
undefined info: 12345678
undefined info: [object Object]
undefined info: 723744588346556419
undefined info: 723744588346556419
undefined info: Ready
undefined info: 723744588346556419
undefined info: 12345678
undefined info: [object Object]
undefined info: 723744588346556419
undefined info: 723744588346556419
undefined info: 723744588346556419
undefined info: 723744588346556419
undefined info: [object Object]
undefined info: Ready
undefined info: 723744588346556419
undefined info: 723744588346556419
undefined info: 723744588346556419
undefined info: [object Object]
undefined info: Ready
undefined info: Ready
undefined info: 723744588346556419
undefined info: 723744588346556419
undefined info: Ready
undefined info: args !prefixspells
undefined info: Ready
undefined info: args !prefixspells
undefined info: Ready
undefined info: args !prefixspells
undefined info: Ready
undefined info: args !prefixspells
undefined info: [object Object] if command
undefined info: Ready
undefined info: Ready
undefined info: args !prefixspells
undefined info: [object Object] if command
undefined info: Ready
undefined info: Ready
undefined info: args !prefixspells
undefined info: [object Object] if command
undefined info: Ready
undefined info: args !prefixspells
undefined info: [object Object] if command
undefined info: Ready
undefined info: args !prefixspells
undefined info: [object Object] if command
undefined info: Ready
undefined info: args !prefixspells
undefined info: [object Object] if command
undefined info: Ready
undefined info: Ready
undefined info: args !prefixspells
undefined info: [object Object] if command
undefined info: Ready
undefined info: args !prefixspells
undefined info: [object Object] if command
undefined info: Ready
undefined info: args !prefixspells
undefined info: [object Object] if command
undefined info: Ready
undefined info: args !prefixspells
undefined info: [object Object] if command
undefined info: Ready
undefined info: args !prefixspells
undefined info: [object Object] if command
undefined info: Ready
undefined info: args !prefixspells
undefined info: [object Object] if command
undefined info: Ready
undefined info: args !prefixroundstart
undefined info: [object Object] if command
undefined info: Ready
undefined info: args !prefixroundstart
undefined info: [object Object] if command
undefined info: Ready
undefined info: args !prefixroundstart
undefined info: [object Object] if command
undefined info: Ready
undefined info: 723744588346556419
undefined info: args !prefixroundstart
undefined info: [object Object] if command
undefined info: Ready
undefined info: args !prefixroundstart
undefined info: [object Object] if command
undefined info: 723744588346556419
undefined info: 723744588346556419
undefined info: 723744588346556419
undefined info: [object Object],[object Object],[object Object]
undefined info: Ready
undefined info: 723744588346556419
undefined info: Ready
undefined info: Ready
undefined info: Ready
undefined info: Ready
undefined info: 723744588346556419
undefined info: [object Object],[object Object],[object Object]
undefined info: 723744588346556419
undefined info: 723744588346556419
undefined info: 723744588346556419
undefined info: 723744588346556419
undefined info: [object Object],[object Object],[object Object]
undefined info: Ready
undefined info: 723744588346556419
undefined info: 723744588346556419
undefined info: 723744588346556419
undefined info: Ready
undefined info: 723744588346556419
undefined info: Ready
undefined info: 723744588346556419
undefined info: Ready
undefined info: 723744588346556419
undefined info: [object Object]
undefined info: Ready
undefined info: 723744588346556419
undefined info: [object Object]
